<?xml version="1.0" encoding="UTF-8"?>
<testsuite name="(empty)"
	tests="1"
	failures="1"
	disabled="0"
	skipped="0"
	hostname=""
	time="0"
	timestamp="2026-07-23T01:34:26"
	>
	<testcase name="compile/534.lean" classname="compile/534.lean" time="0.42901" status="fail">
		<failure message="Failed"/>
		<properties/>
		<system-out>Compiling and executing lean file
/usr/bin/x86_64-linux-gnu-ld.bfd: cannot find -lc++: No such file or directory
/usr/bin/x86_64-linux-gnu-ld.bfd: have you installed the static version of the c++ library ?
/usr/bin/x86_64-linux-gnu-ld.bfd: cannot find -lc++abi: No such file or directory
/usr/bin/x86_64-linux-gnu-ld.bfd: have you installed the static version of the c++abi library ?
collect2: error: ld returned 1 exit status
TEST FAILED: Failed to compile 534.lean.c
</system-out>
	</testcase>
</testsuite>
