<?xml version="1.0" encoding="UTF-8"?>
<testsuite name="(empty)"
	tests="64"
	failures="34"
	disabled="0"
	skipped="0"
	hostname=""
	time="50"
	timestamp="2026-07-23T04:11:27"
	>
	<testcase name="compile/uint_fold.lean" classname="compile/uint_fold.lean" time="0.570111" status="run">
		<properties/>
		<system-out>Compiling and executing lean file
++ ./uint_fold.lean.out
12760
12720
11
6
44
Interpreting lean file
++ lean -Dlinter.all=false -j1 --run uint_fold.lean
12760
12720
11
6
44
</system-out>
	</testcase>
	<testcase name="compile/unreachable.lean" classname="compile/unreachable.lean" time="0.472792" status="run">
		<properties/>
		<system-out>Compiling and executing lean file
++ ./unreachable.lean.out
Interpreting lean file
++ lean -Dlinter.all=false -j1 --run unreachable.lean
</system-out>
	</testcase>
	<testcase name="compile/uset.lean" classname="compile/uset.lean" time="0.478174" status="run">
		<properties/>
		<system-out>Compiling and executing lean file
++ ./uset.lean.out
1
Interpreting lean file
++ lean -Dlinter.all=false -j1 --run uset.lean
1
</system-out>
	</testcase>
	<testcase name="compile/utf8Path.lean" classname="compile/utf8Path.lean" time="0.445802" status="run">
		<properties/>
		<system-out>Compiling and executing lean file
++ ./utf8Path.lean.out
Interpreting lean file
++ lean -Dlinter.all=false -j1 --run utf8Path.lean
</system-out>
	</testcase>
	<testcase name="compile/wait_dedicated.lean" classname="compile/wait_dedicated.lean" time="0.677255" status="run">
		<properties/>
		<system-out>Compiling and executing lean file
++ ./wait_dedicated.lean.out
Hi there
Interpreting lean file
++ lean -Dlinter.all=false -j1 --run wait_dedicated.lean
Hi there
</system-out>
	</testcase>
	<testcase name="compile_bench/binarytrees.lean" classname="compile_bench/binarytrees.lean" time="1.55035" status="run">
		<properties/>
		<system-out>Compiling and executing lean file
++ ./binarytrees.lean.out 14
stretch tree of depth 15	 check: 65535
16384	 trees of depth 4	 check: 507904
4096	 trees of depth 6	 check: 520192
1024	 trees of depth 8	 check: 523264
256	 trees of depth 10	 check: 524032
64	 trees of depth 12	 check: 524224
16	 trees of depth 14	 check: 524272
long lived tree of depth 14	 check: 32767
Interpreting lean file
++ lean -Dlinter.all=false -j1 --run binarytrees.lean 14
stretch tree of depth 15	 check: 65535
16384	 trees of depth 4	 check: 507904
4096	 trees of depth 6	 check: 520192
1024	 trees of depth 8	 check: 523264
256	 trees of depth 10	 check: 524032
64	 trees of depth 12	 check: 524224
16	 trees of depth 14	 check: 524272
long lived tree of depth 14	 check: 32767
</system-out>
	</testcase>
	<testcase name="compile_bench/binarytrees.st.lean" classname="compile_bench/binarytrees.st.lean" time="1.58301" status="run">
		<properties/>
		<system-out>Compiling and executing lean file
++ ./binarytrees.st.lean.out 14
stretch tree of depth 15	 check: 65535
16384	 trees of depth 4	 check: 507904
4096	 trees of depth 6	 check: 520192
1024	 trees of depth 8	 check: 523264
256	 trees of depth 10	 check: 524032
64	 trees of depth 12	 check: 524224
16	 trees of depth 14	 check: 524272
long lived tree of depth 14	 check: 32767
Interpreting lean file
++ lean -Dlinter.all=false -j1 --run binarytrees.st.lean 14
stretch tree of depth 15	 check: 65535
16384	 trees of depth 4	 check: 507904
4096	 trees of depth 6	 check: 520192
1024	 trees of depth 8	 check: 523264
256	 trees of depth 10	 check: 524032
64	 trees of depth 12	 check: 524224
16	 trees of depth 14	 check: 524272
long lived tree of depth 14	 check: 32767
</system-out>
	</testcase>
	<testcase name="compile_bench/channel.lean" classname="compile_bench/channel.lean" time="0.717218" status="fail">
		<failure message="Failed"/>
		<properties/>
		<system-out>Compiling and executing lean file
++ ./channel.lean.out 4 1000
/home/mjbommar/.cache/axeyum-tl063-m2-r1-59108766/source/tests/util.sh: line 94: 487604 Aborted                    (core dumped) "${@}" &gt; "$CAPTURED.out.produced" 2&gt;&amp;1
libc++abi: terminating due to uncaught exception of type lean::exception: failed to create thread
[NON-XML-CHAR-0x1B][1m--- channel.lean.out.expected	2026-05-26 08:34:15.000000000 +0000[NON-XML-CHAR-0x1B][0m
[NON-XML-CHAR-0x1B][1m+++ channel.lean.out.produced	2026-07-23 04:11:34.012241849 +0000[NON-XML-CHAR-0x1B][0m
[NON-XML-CHAR-0x1B][36m@@ -1,14 +1 @@[NON-XML-CHAR-0x1B][0m
[NON-XML-CHAR-0x1B][31m-measurement: bounded0_spsc ...[NON-XML-CHAR-0x1B][0m
[NON-XML-CHAR-0x1B][31m-measurement: bounded0_mpsc ...[NON-XML-CHAR-0x1B][0m
[NON-XML-CHAR-0x1B][31m-measurement: bounded0_mpmc ...[NON-XML-CHAR-0x1B][0m
[NON-XML-CHAR-0x1B][31m-measurement: bounded1_spsc ...[NON-XML-CHAR-0x1B][0m
[NON-XML-CHAR-0x1B][31m-measurement: bounded1_mpsc ...[NON-XML-CHAR-0x1B][0m
[NON-XML-CHAR-0x1B][31m-measurement: bounded1_mpmc ...[NON-XML-CHAR-0x1B][0m
[NON-XML-CHAR-0x1B][31m-measurement: boundedn_spsc ...[NON-XML-CHAR-0x1B][0m
[NON-XML-CHAR-0x1B][31m-measurement: boundedn_mpsc ...[NON-XML-CHAR-0x1B][0m
[NON-XML-CHAR-0x1B][31m-measurement: boundedn_mpmc ...[NON-XML-CHAR-0x1B][0m
[NON-XML-CHAR-0x1B][31m-measurement: boundedn_seq ...[NON-XML-CHAR-0x1B][0m
[NON-XML-CHAR-0x1B][31m-measurement: unbounded_spsc ...[NON-XML-CHAR-0x1B][0m
[NON-XML-CHAR-0x1B][31m-measurement: unbounded_mpsc ...[NON-XML-CHAR-0x1B][0m
[NON-XML-CHAR-0x1B][31m-measurement: unbounded_mpmc ...[NON-XML-CHAR-0x1B][0m
[NON-XML-CHAR-0x1B][31m-measurement: unbounded_seq ...[NON-XML-CHAR-0x1B][0m
[NON-XML-CHAR-0x1B][32m+libc++abi: terminating due to uncaught exception of type lean::exception: failed to create thread[NON-XML-CHAR-0x1B][0m
TEST FAILED: Unexpected output
</system-out>
	</testcase>
	<testcase name="compile_bench/const_fold.lean" classname="compile_bench/const_fold.lean" time="0.767331" status="run">
		<properties/>
		<system-out>Setting stack size to unlimited
Compiling and executing lean file
const_fold.lean:55:2: warning: unused variable `e`

Note: This linter can be disabled with `set_option linter.unusedVariables false`
const_fold.lean:64:6: warning: unused variable `x`

Note: This linter can be disabled with `set_option linter.unusedVariables false`
++ ./const_fold.lean.out 15
93011 93011
Interpreting lean file
++ lean -Dlinter.all=false -j1 --run const_fold.lean 15
93011 93011
</system-out>
	</testcase>
	<testcase name="compile_bench/deriv.lean" classname="compile_bench/deriv.lean" time="0.886569" status="run">
		<properties/>
		<system-out>Compiling and executing lean file
deriv.lean:13:2: warning: unused variable `a`

Note: This linter can be disabled with `set_option linter.unusedVariables false`
++ ./deriv.lean.out 7
1 count: 6
2 count: 22
3 count: 90
4 count: 420
5 count: 2202
6 count: 12886
7 count: 83648
Interpreting lean file
++ lean -Dlinter.all=false -j1 --run deriv.lean 7
1 count: 6
2 count: 22
3 count: 90
4 count: 420
5 count: 2202
6 count: 12886
7 count: 83648
</system-out>
	</testcase>
	<testcase name="compile_bench/hashmap.lean" classname="compile_bench/hashmap.lean" time="2.04028" status="run">
		<properties/>
		<system-out>Compiling and executing lean file
++ ./hashmap.lean.out 11 100
measurement: containsHit 35.641100 s
measurement: containsMiss 72.660800 s
measurement: iterate 202.483000 s
measurement: insertIfNewHit 39.152000 s
measurement: insertHit 73.829600 s
measurement: insertMissEmpty 159.897500 s
measurement: insertMissEmptyWithCapacity 41.013800 s
measurement: eraseInsert 43.227700 s
Interpreting lean file
++ lean -Dlinter.all=false -j1 --run hashmap.lean 11 100
measurement: containsHit 778.935600 s
measurement: containsMiss 1115.619700 s
measurement: iterate 778.162200 s
measurement: insertIfNewHit 817.331000 s
measurement: insertHit 1085.959100 s
measurement: insertMissEmpty 2442.230900 s
measurement: insertMissEmptyWithCapacity 991.474500 s
measurement: eraseInsert 2631.492200 s
</system-out>
	</testcase>
	<testcase name="compile_bench/identifier_completion.lean" classname="compile_bench/identifier_completion.lean" time="0.355054" status="fail">
		<failure message="Failed"/>
		<properties/>
		<system-out>Interpreting lean file
++ lean -Dlinter.all=false -j1 --run identifier_completion.lean
libc++abi: terminating due to uncaught exception of type lean::exception: failed to create thread
uncaught exception: Expected JSON-RPC response, got: '{"error":{"code":-32902,"message":"Server process for file:///home/sebastian/lean4/tests/bench/identifier_completion.lean crashed, likely due to a stack overflow or a bug."},"id":1,"jsonrpc":"2.0"}'
Watchdog error: Cannot read LSP message: Stream was closed
[NON-XML-CHAR-0x1B][1m--- identifier_completion.lean.out.expected	2026-05-26 08:34:15.000000000 +0000[NON-XML-CHAR-0x1B][0m
[NON-XML-CHAR-0x1B][1m+++ identifier_completion.lean.out.produced	2026-07-23 04:11:38.065456649 +0000[NON-XML-CHAR-0x1B][0m
[NON-XML-CHAR-0x1B][36m@@ -1 +1,3 @@[NON-XML-CHAR-0x1B][0m
[NON-XML-CHAR-0x1B][31m-measurement: completion ...[NON-XML-CHAR-0x1B][0m
[NON-XML-CHAR-0x1B][32m+libc++abi: terminating due to uncaught exception of type lean::exception: failed to create thread[NON-XML-CHAR-0x1B][0m
[NON-XML-CHAR-0x1B][32m+uncaught exception: Expected JSON-RPC response, got: '{"error":{"code":-32902,"message":"Server process for file:///home/sebastian/lean4/tests/bench/identifier_completion.lean crashed, likely due to a stack overflow or a bug."},"id":1,"jsonrpc":"2.0"}'[NON-XML-CHAR-0x1B][0m
[NON-XML-CHAR-0x1B][32m+Watchdog error: Cannot read LSP message: Stream was closed[NON-XML-CHAR-0x1B][0m
TEST FAILED: Unexpected output
</system-out>
	</testcase>
	<testcase name="compile_bench/ilean_roundtrip.lean" classname="compile_bench/ilean_roundtrip.lean" time="0.901339" status="run">
		<properties/>
		<system-out>Compiling and executing lean file
++ ./ilean_roundtrip.lean.out 1000
measurement: compress 0.014000 s
measurement: parse 0.005000 s
Interpreting lean file
++ lean -Dlinter.all=false -j1 --run ilean_roundtrip.lean 1000
measurement: compress 0.004000 s
measurement: parse 0.002000 s
</system-out>
	</testcase>
	<testcase name="compile_bench/iterators.lean" classname="compile_bench/iterators.lean" time="2.80467" status="run">
		<properties/>
		<system-out>Compiling and executing lean file
iterators.lean:55:5: warning: `Std.Iter.count` has been deprecated: Use `Std.Iter.length` instead

Note: The updated constant has a different type:
  {α β : Type w} → [inst : Std.Iterator α Id β] → [Std.IteratorLoop α Id Id] → Std.Iter β → Nat
instead of
  {α β : Type u_1} → [inst : Std.Iterator α Id β] → [Std.IteratorLoop α Id Id] → Std.Iter β → Nat
++ ./iterators.lean.out
xs[0] = 0
xs[10000] = 10000
xs[20000] = 20000
xs[30000] = 30000
xs[40000] = 40000
xs[50000] = 50000
xs[60000] = 60000
xs[70000] = 70000
xs[80000] = 80000
xs[90000] = 90000
xs[0] = 0
xs[10000] = 10000
xs[20000] = 20000
xs[30000] = 30000
xs[40000] = 40000
xs[50000] = 50000
xs[60000] = 60000
xs[70000] = 70000
xs[80000] = 80000
xs[90000] = 90000
Interpreting lean file
++ lean -Dlinter.all=false -j1 --run iterators.lean
xs[0] = 0
xs[10000] = 10000
xs[20000] = 20000
xs[30000] = 30000
xs[40000] = 40000
xs[50000] = 50000
xs[60000] = 60000
xs[70000] = 70000
xs[80000] = 80000
xs[90000] = ...
[This part of the test output was removed since it exceeds the threshold of 1024 bytes.]
</system-out>
	</testcase>
	<testcase name="compile_bench/liasolver.lean" classname="compile_bench/liasolver.lean" time="5.48786" status="run">
		<properties/>
		<system-out>Compiling and executing lean file
liasolver.lean:337:6: warning: unused variable `nEquations`

Note: This linter can be disabled with `set_option linter.unusedVariables false`
liasolver.lean:342:8: warning: unused variable `nTerms`

Note: This linter can be disabled with `set_option linter.unusedVariables false`
++ ./liasolver.lean.out liasolver.lean.ex-50-50-1.leq
SAT
-104 -253 65 75 -271 269 234 -125 59 -291 23 -150 -127 -232 11 -66 -199 133 -51 -120 -141 276 24 6 -85 28 240 54 -182 -160 128 14 -212 269 -154 28 134 -125 -49 192 14 -130 69 -53 -157 264 103 48 -271 184
Interpreting lean file
++ lean -Dlinter.all=false -j1 --run liasolver.lean liasolver.lean.ex-50-50-1.leq
SAT
-104 -253 65 75 -271 269 234 -125 59 -291 23 -150 -127 -232 11 -66 -199 133 -51 -120 -141 276 24 6 -85 28 240 54 -182 -160 128 14 -212 269 -154 28 134 -125 -49 192 14 -130 69 -53 -157 264 103 48 -271 184
</system-out>
	</testcase>
	<testcase name="compile_bench/nat_repr.lean" classname="compile_bench/nat_repr.lean" time="0.537384" status="run">
		<properties/>
		<system-out>Compiling and executing lean file
++ ./nat_repr.lean.out 500
324355
Interpreting lean file
++ lean -Dlinter.all=false -j1 --run nat_repr.lean 500
324355
</system-out>
	</testcase>
	<testcase name="compile_bench/parser.lean" classname="compile_bench/parser.lean" time="1.02224" status="run">
		<properties/>
		<system-out>Compiling and executing lean file
++ ./parser.lean.out ../../src/Init/Prelude.lean 2
Interpreting lean file
++ lean -Dlinter.all=false -j1 --run parser.lean ../../src/Init/Prelude.lean 2
</system-out>
	</testcase>
	<testcase name="compile_bench/phashmap.lean" classname="compile_bench/phashmap.lean" time="1.77022" status="run">
		<properties/>
		<system-out>Compiling and executing lean file
++ ./phashmap.lean.out 11 100
measurement: containsHit 8.754700 s
measurement: containsMiss 17.222500 s
measurement: iterate 51.313800 s
measurement: insertHit 24.284700 s
measurement: insertMissEmpty 35.644900 s
measurement: insertMissEmptyShared 86.878100 s
measurement: eraseInsert 110.493200 s
Interpreting lean file
++ lean -Dlinter.all=false -j1 --run phashmap.lean 11 100
measurement: containsHit 975.063500 s
measurement: containsMiss 1572.970100 s
measurement: iterate 975.080600 s
measurement: insertHit 1664.781500 s
measurement: insertMissEmpty 1338.976100 s
measurement: insertMissEmptyShared 1513.835500 s
measurement: eraseInsert 3419.021700 s
</system-out>
	</testcase>
	<testcase name="compile_bench/qsort.lean" classname="compile_bench/qsort.lean" time="1.38424" status="run">
		<properties/>
		<system-out>Compiling and executing lean file
qsort.lean:7:7: warning: unused variable `seed`

Note: This linter can be disabled with `set_option linter.unusedVariables false`
++ ./qsort.lean.out 80
Interpreting lean file
++ lean -Dlinter.all=false -j1 --run qsort.lean 80
</system-out>
	</testcase>
	<testcase name="compile_bench/rbmap.lean" classname="compile_bench/rbmap.lean" time="1.29134" status="run">
		<properties/>
		<system-out>Compiling and executing lean file
++ ./rbmap.lean.out 100000
10000
Interpreting lean file
++ lean -Dlinter.all=false -j1 --run rbmap.lean 100000
10000
</system-out>
	</testcase>
	<testcase name="compile_bench/rbmap_checkpoint.lean" classname="compile_bench/rbmap_checkpoint.lean" time="1.35283" status="run">
		<properties/>
		<system-out>Compiling and executing lean file
++ ./rbmap_checkpoint.lean.out 100000 10
10001 10000
Interpreting lean file
++ lean -Dlinter.all=false -j1 --run rbmap_checkpoint.lean 100000 10
10001 10000
</system-out>
	</testcase>
	<testcase name="compile_bench/rbmap_fbip.lean" classname="compile_bench/rbmap_fbip.lean" time="0.700068" status="run">
		<properties/>
		<system-out>Compiling and executing lean file
++ ./rbmap_fbip.lean.out 2000
200
Interpreting lean file
++ lean -Dlinter.all=false -j1 --run rbmap_fbip.lean 2000
200
</system-out>
	</testcase>
	<testcase name="compile_bench/rbmap_library.lean" classname="compile_bench/rbmap_library.lean" time="0.846276" status="run">
		<properties/>
		<system-out>Compiling and executing lean file
++ ./rbmap_library.lean.out 2000
1999
Interpreting lean file
++ lean -Dlinter.all=false -j1 --run rbmap_library.lean 2000
1999
</system-out>
	</testcase>
	<testcase name="compile_bench/server_startup.lean" classname="compile_bench/server_startup.lean" time="0.967234" status="run">
		<properties/>
		<system-out>Compiling and executing lean file
++ ./server_startup.lean.out
Interpreting lean file
++ lean -Dlinter.all=false -j1 --run server_startup.lean
</system-out>
	</testcase>
	<testcase name="compile_bench/sigmaIterator.lean" classname="compile_bench/sigmaIterator.lean" time="0.898982" status="run">
		<properties/>
		<system-out>Compiling and executing lean file
++ ./sigmaIterator.lean.out 100
4950
Interpreting lean file
++ lean -Dlinter.all=false -j1 --run sigmaIterator.lean 100
4950
</system-out>
	</testcase>
	<testcase name="compile_bench/treemap.lean" classname="compile_bench/treemap.lean" time="2.10052" status="run">
		<properties/>
		<system-out>Compiling and executing lean file
++ ./treemap.lean.out 11 100
measurement: containsHit 25.784800 s
measurement: containsMiss 42.087000 s
measurement: iterate 37.814400 s
measurement: insertIfNewHit 31.823100 s
measurement: insertHit 120.639200 s
measurement: insertRandomMissEmpty 154.781800 s
measurement: insertSequentialMissEmpty 192.882300 s
measurement: insertRandomMissEmptyShared 224.553100 s
measurement: eraseInsert 97.879800 s
Interpreting lean file
++ lean -Dlinter.all=false -j1 --run treemap.lean 11 100
measurement: containsHit 859.810700 s
measurement: containsMiss 1334.201400 s
measurement: iterate 264.213800 s
measurement: insertIfNewHit 911.591100 s
measurement: insertHit 2159.260800 s
measurement: insertRandomMissEmpty 2156.861800 s
measurement: insertSequentialMissEmpty 2566.571300 s
measurement: insertRandomMissEmptyShared 2383.684100 s
measurement: eraseInsert 5492.016000 s
</system-out>
	</testcase>
	<testcase name="compile_bench/unionfind.lean" classname="compile_bench/unionfind.lean" time="1.62769" status="run">
		<properties/>
		<system-out>Compiling and executing lean file
unionfind.lean:7:55: warning: unused variable `s`

Note: This linter can be disabled with `set_option linter.unusedVariables false`
unionfind.lean:29:19: warning: `structure ... :=` has been deprecated in favor of `structure ... where`.

Note: This linter can be disabled with `set_option linter.deprecated false`
unionfind.lean:125:16: warning: unused variable `s`

Note: This linter can be disabled with `set_option linter.unusedVariables false`
unionfind.lean:126:19: warning: unused variable `s`

Note: This linter can be disabled with `set_option linter.unusedVariables false`
++ ./unionfind.lean.out 70000
ok 69000
Interpreting lean file
++ lean -Dlinter.all=false -j1 --run unionfind.lean 70000
ok 69000
</system-out>
	</testcase>
	<testcase name="compile_bench/watchdogRss.lean" classname="compile_bench/watchdogRss.lean" time="4.41083" status="run">
		<properties/>
		<system-out>Compiling and executing lean file
++ ./watchdogRss.lean.out
Interpreting lean file
++ lean -Dlinter.all=false -j1 --run watchdogRss.lean
</system-out>
	</testcase>
	<testcase name="compile_bench/workspaceSymbolsNewRanges.lean" classname="compile_bench/workspaceSymbolsNewRanges.lean" time="3.26828" status="run">
		<properties/>
		<system-out>Compiling and executing lean file
workspaceSymbolsNewRanges.lean:28:22: warning: `String.get` has been deprecated: Use `String.Pos.Raw.get` instead

Note: The updated constant is in a different namespace. Dot notation may need to be changed (e.g., from `x.get` to `String.Pos.Raw.get x`).
workspaceSymbolsNewRanges.lean:31:45: warning: `String.get` has been deprecated: Use `String.Pos.Raw.get` instead

Note: The updated constant is in a different namespace. Dot notation may need to be changed (e.g., from `x.get` to `String.Pos.Raw.get x`).
workspaceSymbolsNewRanges.lean:31:59: warning: `String.get` has been deprecated: Use `String.Pos.Raw.get` instead

Note: The updated constant is in a different namespace. Dot notation may need to be changed (e.g., from `x.get` to `String.Pos.Raw.get x`).
workspaceSymbolsNewRanges.lean:34:41: warning: `String.get` has been deprecated: Use `String.Pos.Raw.get` instead

Note: The updated constant is in a different namespace. Dot notation may need to be changed (e.g., from `x.get...
[This part of the test output was removed since it exceeds the threshold of 1024 bytes.]
</system-out>
	</testcase>
	<testcase name="docparse/arg_0001.txt" classname="docparse/arg_0001.txt" time="0.250441" status="fail">
		<failure message="Failed"/>
		<properties/>
		<system-out>++ lean -Dlinter.all=false --run run_test.lean arg_0001.txt
/home/mjbommar/.cache/axeyum-tl063-m2-r1-59108766/source/tests/util.sh: line 94: 491011 Aborted                    (core dumped) "${@}" &gt; "$CAPTURED.out.produced" 2&gt;&amp;1
libc++abi: terminating due to uncaught exception of type lean::exception: failed to create thread
[NON-XML-CHAR-0x1B][1m--- arg_0001.txt.out.expected	2026-05-26 08:34:15.000000000 +0000[NON-XML-CHAR-0x1B][0m
[NON-XML-CHAR-0x1B][1m+++ arg_0001.txt.out.produced	2026-07-23 04:12:09.583943132 +0000[NON-XML-CHAR-0x1B][0m
[NON-XML-CHAR-0x1B][36m@@ -1,4 +1 @@[NON-XML-CHAR-0x1B][0m
[NON-XML-CHAR-0x1B][31m-Success! Final stack:[NON-XML-CHAR-0x1B][0m
[NON-XML-CHAR-0x1B][31m-  (Lean.Doc.Syntax.anon[NON-XML-CHAR-0x1B][0m
[NON-XML-CHAR-0x1B][31m-   (Lean.Doc.Syntax.arg_ident `x))[NON-XML-CHAR-0x1B][0m
[NON-XML-CHAR-0x1B][31m-All input consumed.[NON-XML-CHAR-0x1B][0m
\ No newline at end of file
[NON-XML-CHAR-0x1B][32m+libc++abi: terminating due to uncaught exception of type lean::exception: failed to create thread[NON-XML-CHAR-0x1B][0m
TEST FAILED: Unexpected output
</system-out>
	</testcase>
	<testcase name="docparse/arg_0002.txt" classname="docparse/arg_0002.txt" time="0.235688" status="fail">
		<failure message="Failed"/>
		<properties/>
		<system-out>++ lean -Dlinter.all=false --run run_test.lean arg_0002.txt
/home/mjbommar/.cache/axeyum-tl063-m2-r1-59108766/source/tests/util.sh: line 94: 491027 Aborted                    (core dumped) "${@}" &gt; "$CAPTURED.out.produced" 2&gt;&amp;1
libc++abi: terminating due to uncaught exception of type lean::exception: failed to create thread
[NON-XML-CHAR-0x1B][1m--- arg_0002.txt.out.expected	2026-05-26 08:34:15.000000000 +0000[NON-XML-CHAR-0x1B][0m
[NON-XML-CHAR-0x1B][1m+++ arg_0002.txt.out.produced	2026-07-23 04:12:09.836943082 +0000[NON-XML-CHAR-0x1B][0m
[NON-XML-CHAR-0x1B][36m@@ -1,6 +1 @@[NON-XML-CHAR-0x1B][0m
[NON-XML-CHAR-0x1B][31m-Success! Final stack:[NON-XML-CHAR-0x1B][0m
[NON-XML-CHAR-0x1B][31m-  (Lean.Doc.Syntax.named_no_paren[NON-XML-CHAR-0x1B][0m
[NON-XML-CHAR-0x1B][31m-   `x[NON-XML-CHAR-0x1B][0m
[NON-XML-CHAR-0x1B][31m-   ":="[NON-XML-CHAR-0x1B][0m
[NON-XML-CHAR-0x1B][31m-   (Lean.Doc.Syntax.arg_num (num "1")))[NON-XML-CHAR-0x1B][0m
[NON-XML-CHAR-0x1B][31m-All input consumed.[NON-XML-CHAR-0x1B][0m
\ No newline at end of file
[NON-XML-CHAR-0x1B][32m+libc++abi: terminating due to uncaught exception of type lean::exception: failed to create thread[NON-XML-CHAR-0x1B][0m
TEST FAILED: Unexpected output
</system-out>
	</testcase>
	<testcase name="docparse/arg_0003.txt" classname="docparse/arg_0003.txt" time="0.259467" status="fail">
		<failure message="Failed"/>
		<properties/>
		<system-out>++ lean -Dlinter.all=false --run run_test.lean arg_0003.txt
/home/mjbommar/.cache/axeyum-tl063-m2-r1-59108766/source/tests/util.sh: line 94: 491044 Aborted                    (core dumped) "${@}" &gt; "$CAPTURED.out.produced" 2&gt;&amp;1
libc++abi: terminating due to uncaught exception of type lean::exception: failed to create thread
[NON-XML-CHAR-0x1B][1m--- arg_0003.txt.out.expected	2026-05-26 08:34:15.000000000 +0000[NON-XML-CHAR-0x1B][0m
[NON-XML-CHAR-0x1B][1m+++ arg_0003.txt.out.produced	2026-07-23 04:12:10.089943031 +0000[NON-XML-CHAR-0x1B][0m
[NON-XML-CHAR-0x1B][36m@@ -1,8 +1 @@[NON-XML-CHAR-0x1B][0m
[NON-XML-CHAR-0x1B][31m-Success! Final stack:[NON-XML-CHAR-0x1B][0m
[NON-XML-CHAR-0x1B][31m-  (Lean.Doc.Syntax.named[NON-XML-CHAR-0x1B][0m
[NON-XML-CHAR-0x1B][31m-   "("[NON-XML-CHAR-0x1B][0m
[NON-XML-CHAR-0x1B][31m-   `x[NON-XML-CHAR-0x1B][0m
[NON-XML-CHAR-0x1B][31m-   ":="[NON-XML-CHAR-0x1B][0m
[NON-XML-CHAR-0x1B][31m-   (Lean.Doc.Syntax.arg_num (num "1"))[NON-XML-CHAR-0x1B][0m
[NON-XML-CHAR-0x1B][31m-   ")")[NON-XML-CHAR-0x1B][0m
[NON-XML-CHAR-0x1B][31m-All input consumed.[NON-XML-CHAR-0x1B][0m
\ No newline at end of file
[NON-XML-CHAR-0x1B][32m+libc++abi: terminating due to uncaught exception of type lean::exception: failed to create thread[NON-XML-CHAR-0x1B][0m
TEST FAILED: Unexpected output
</system-out>
	</testcase>
	<testcase name="docparse/arg_0004.txt" classname="docparse/arg_0004.txt" time="0.232694" status="fail">
		<failure message="Failed"/>
		<properties/>
		<system-out>++ lean -Dlinter.all=false --run run_test.lean arg_0004.txt
/home/mjbommar/.cache/axeyum-tl063-m2-r1-59108766/source/tests/util.sh: line 94: 491094 Aborted                    (core dumped) "${@}" &gt; "$CAPTURED.out.produced" 2&gt;&amp;1
libc++abi: terminating due to uncaught exception of type lean::exception: failed to create thread
[NON-XML-CHAR-0x1B][1m--- arg_0004.txt.out.expected	2026-05-26 08:34:15.000000000 +0000[NON-XML-CHAR-0x1B][0m
[NON-XML-CHAR-0x1B][1m+++ arg_0004.txt.out.produced	2026-07-23 04:12:10.329942983 +0000[NON-XML-CHAR-0x1B][0m
[NON-XML-CHAR-0x1B][36m@@ -1,4 +1 @@[NON-XML-CHAR-0x1B][0m
[NON-XML-CHAR-0x1B][31m-Failure @0 (⟨1, 0⟩): expected '(', '+', '-', expected identifier, string, or number or token[NON-XML-CHAR-0x1B][0m
[NON-XML-CHAR-0x1B][31m-Final stack:[NON-XML-CHAR-0x1B][0m
[NON-XML-CHAR-0x1B][31m-  &lt;missing&gt;[NON-XML-CHAR-0x1B][0m
[NON-XML-CHAR-0x1B][31m-Remaining: "\n(x:=1)"[NON-XML-CHAR-0x1B][0m
\ No newline at end of file
[NON-XML-CHAR-0x1B][32m+libc++abi: terminating due to uncaught exception of type lean::exception: failed to create thread[NON-XML-CHAR-0x1B][0m
TEST FAILED: Unexpected output
</system-out>
	</testcase>
	<testcase name="docparse/arg_0005.txt" classname="docparse/arg_0005.txt" time="0.247128" status="fail">
		<failure message="Failed"/>
		<properties/>
		<system-out>++ lean -Dlinter.all=false --run run_test.lean arg_0005.txt
/home/mjbommar/.cache/axeyum-tl063-m2-r1-59108766/source/tests/util.sh: line 94: 491110 Aborted                    (core dumped) "${@}" &gt; "$CAPTURED.out.produced" 2&gt;&amp;1
libc++abi: terminating due to uncaught exception of type lean::exception: failed to create thread
[NON-XML-CHAR-0x1B][1m--- arg_0005.txt.out.expected	2026-05-26 08:34:15.000000000 +0000[NON-XML-CHAR-0x1B][0m
[NON-XML-CHAR-0x1B][1m+++ arg_0005.txt.out.produced	2026-07-23 04:12:10.565942936 +0000[NON-XML-CHAR-0x1B][0m
[NON-XML-CHAR-0x1B][36m@@ -1,3 +1 @@[NON-XML-CHAR-0x1B][0m
[NON-XML-CHAR-0x1B][31m-Success! Final stack:[NON-XML-CHAR-0x1B][0m
[NON-XML-CHAR-0x1B][31m-  (Lean.Doc.Syntax.flag_on "+" `foo)[NON-XML-CHAR-0x1B][0m
[NON-XML-CHAR-0x1B][31m-All input consumed.[NON-XML-CHAR-0x1B][0m
\ No newline at end of file
[NON-XML-CHAR-0x1B][32m+libc++abi: terminating due to uncaught exception of type lean::exception: failed to create thread[NON-XML-CHAR-0x1B][0m
TEST FAILED: Unexpected output
</system-out>
	</testcase>
	<testcase name="docparse/arg_0006.txt" classname="docparse/arg_0006.txt" time="0.291033" status="run">
		<properties/>
		<system-out>++ lean -Dlinter.all=false --run run_test.lean arg_0006.txt
Success! Final stack:
  (Lean.Doc.Syntax.flag_off "-" `other)
All input consumed.
</system-out>
	</testcase>
	<testcase name="docparse/arg_0007.txt" classname="docparse/arg_0007.txt" time="0.250952" status="fail">
		<failure message="Failed"/>
		<properties/>
		<system-out>++ lean -Dlinter.all=false --run run_test.lean arg_0007.txt
/home/mjbommar/.cache/axeyum-tl063-m2-r1-59108766/source/tests/util.sh: line 94: 491165 Aborted                    (core dumped) "${@}" &gt; "$CAPTURED.out.produced" 2&gt;&amp;1
libc++abi: terminating due to uncaught exception of type lean::exception: failed to create thread
[NON-XML-CHAR-0x1B][1m--- arg_0007.txt.out.expected	2026-05-26 08:34:15.000000000 +0000[NON-XML-CHAR-0x1B][0m
[NON-XML-CHAR-0x1B][1m+++ arg_0007.txt.out.produced	2026-07-23 04:12:11.104942828 +0000[NON-XML-CHAR-0x1B][0m
[NON-XML-CHAR-0x1B][36m@@ -1,4 +1 @@[NON-XML-CHAR-0x1B][0m
[NON-XML-CHAR-0x1B][31m-Failure @2 (⟨1, 2⟩): expected no space before[NON-XML-CHAR-0x1B][0m
[NON-XML-CHAR-0x1B][31m-Final stack:[NON-XML-CHAR-0x1B][0m
[NON-XML-CHAR-0x1B][31m-  (Lean.Doc.Syntax.flag_off "-" `other)[NON-XML-CHAR-0x1B][0m
[NON-XML-CHAR-0x1B][31m-Remaining: "other"[NON-XML-CHAR-0x1B][0m
\ No newline at end of file
[NON-XML-CHAR-0x1B][32m+libc++abi: terminating due to uncaught exception of type lean::exception: failed to create thread[NON-XML-CHAR-0x1B][0m
TEST FAILED: Unexpected output
</system-out>
	</testcase>
	<testcase name="docparse/arg_0008.txt" classname="docparse/arg_0008.txt" time="0.233521" status="fail">
		<failure message="Failed"/>
		<properties/>
		<system-out>++ lean -Dlinter.all=false --run run_test.lean arg_0008.txt
/home/mjbommar/.cache/axeyum-tl063-m2-r1-59108766/source/tests/util.sh: line 94: 491201 Aborted                    (core dumped) "${@}" &gt; "$CAPTURED.out.produced" 2&gt;&amp;1
libc++abi: terminating due to uncaught exception of type lean::exception: failed to create thread
[NON-XML-CHAR-0x1B][1m--- arg_0008.txt.out.expected	2026-05-26 08:34:15.000000000 +0000[NON-XML-CHAR-0x1B][0m
[NON-XML-CHAR-0x1B][1m+++ arg_0008.txt.out.produced	2026-07-23 04:12:11.351942779 +0000[NON-XML-CHAR-0x1B][0m
[NON-XML-CHAR-0x1B][36m@@ -1,9 +1 @@[NON-XML-CHAR-0x1B][0m
[NON-XML-CHAR-0x1B][31m-Success! Final stack:[NON-XML-CHAR-0x1B][0m
[NON-XML-CHAR-0x1B][31m-  (Lean.Doc.Syntax.named[NON-XML-CHAR-0x1B][0m
[NON-XML-CHAR-0x1B][31m-   "("[NON-XML-CHAR-0x1B][0m
[NON-XML-CHAR-0x1B][31m-   `x[NON-XML-CHAR-0x1B][0m
[NON-XML-CHAR-0x1B][31m-   ":="[NON-XML-CHAR-0x1B][0m
[NON-XML-CHAR-0x1B][31m-   (Lean.Doc.Syntax.arg_num (num "1"))[NON-XML-CHAR-0x1B][0m
[NON-XML-CHAR-0x1B][31m-   ")")[NON-XML-CHAR-0x1B][0m
[NON-XML-CHAR-0x1B][31m-Remaining:[NON-XML-CHAR-0x1B][0m
[NON-XML-CHAR-0x1B][31m-"\n"[NON-XML-CHAR-0x1B][0m
\ No newline at end of file
[NON-XML-CHAR-0x1B][32m+libc++abi: terminating due to uncaught exception of type lean::exception: failed to create thread[NON-XML-CHAR-0x1B][0m
TEST FAILED: Unexpected output
</system-out>
	</testcase>
	<testcase name="docparse/arg_0009.txt" classname="docparse/arg_0009.txt" time="0.237117" status="fail">
		<failure message="Failed"/>
		<properties/>
		<system-out>++ lean -Dlinter.all=false --run run_test.lean arg_0009.txt
/home/mjbommar/.cache/axeyum-tl063-m2-r1-59108766/source/tests/util.sh: line 94: 491218 Aborted                    (core dumped) "${@}" &gt; "$CAPTURED.out.produced" 2&gt;&amp;1
libc++abi: terminating due to uncaught exception of type lean::exception: failed to create thread
[NON-XML-CHAR-0x1B][1m--- arg_0009.txt.out.expected	2026-05-26 08:34:15.000000000 +0000[NON-XML-CHAR-0x1B][0m
[NON-XML-CHAR-0x1B][1m+++ arg_0009.txt.out.produced	2026-07-23 04:12:11.585942732 +0000[NON-XML-CHAR-0x1B][0m
[NON-XML-CHAR-0x1B][36m@@ -1,6 +1 @@[NON-XML-CHAR-0x1B][0m
[NON-XML-CHAR-0x1B][31m-Success! Final stack:[NON-XML-CHAR-0x1B][0m
[NON-XML-CHAR-0x1B][31m-  (Lean.Doc.Syntax.named_no_paren[NON-XML-CHAR-0x1B][0m
[NON-XML-CHAR-0x1B][31m-   `x[NON-XML-CHAR-0x1B][0m
[NON-XML-CHAR-0x1B][31m-   ":="[NON-XML-CHAR-0x1B][0m
[NON-XML-CHAR-0x1B][31m-   (Lean.Doc.Syntax.arg_ident `y))[NON-XML-CHAR-0x1B][0m
[NON-XML-CHAR-0x1B][31m-All input consumed.[NON-XML-CHAR-0x1B][0m
\ No newline at end of file
[NON-XML-CHAR-0x1B][32m+libc++abi: terminating due to uncaught exception of type lean::exception: failed to create thread[NON-XML-CHAR-0x1B][0m
TEST FAILED: Unexpected output
</system-out>
	</testcase>
	<testcase name="docparse/arg_0010.txt" classname="docparse/arg_0010.txt" time="0.247517" status="fail">
		<failure message="Failed"/>
		<properties/>
		<system-out>++ lean -Dlinter.all=false --run run_test.lean arg_0010.txt
/home/mjbommar/.cache/axeyum-tl063-m2-r1-59108766/source/tests/util.sh: line 94: 491235 Aborted                    (core dumped) "${@}" &gt; "$CAPTURED.out.produced" 2&gt;&amp;1
libc++abi: terminating due to uncaught exception of type lean::exception: failed to create thread
[NON-XML-CHAR-0x1B][1m--- arg_0010.txt.out.expected	2026-05-26 08:34:15.000000000 +0000[NON-XML-CHAR-0x1B][0m
[NON-XML-CHAR-0x1B][1m+++ arg_0010.txt.out.produced	2026-07-23 04:12:11.826942684 +0000[NON-XML-CHAR-0x1B][0m
[NON-XML-CHAR-0x1B][36m@@ -1,8 +1 @@[NON-XML-CHAR-0x1B][0m
[NON-XML-CHAR-0x1B][31m-Success! Final stack:[NON-XML-CHAR-0x1B][0m
[NON-XML-CHAR-0x1B][31m-  (Lean.Doc.Syntax.named[NON-XML-CHAR-0x1B][0m
[NON-XML-CHAR-0x1B][31m-   "("[NON-XML-CHAR-0x1B][0m
[NON-XML-CHAR-0x1B][31m-   `x[NON-XML-CHAR-0x1B][0m
[NON-XML-CHAR-0x1B][31m-   ":="[NON-XML-CHAR-0x1B][0m
[NON-XML-CHAR-0x1B][31m-   (Lean.Doc.Syntax.arg_ident `y)[NON-XML-CHAR-0x1B][0m
[NON-XML-CHAR-0x1B][31m-   ")")[NON-XML-CHAR-0x1B][0m
[NON-XML-CHAR-0x1B][31m-All input consumed.[NON-XML-CHAR-0x1B][0m
\ No newline at end of file
[NON-XML-CHAR-0x1B][32m+libc++abi: terminating due to uncaught exception of type lean::exception: failed to create thread[NON-XML-CHAR-0x1B][0m
TEST FAILED: Unexpected output
</system-out>
	</testcase>
	<testcase name="docparse/arg_0011.txt" classname="docparse/arg_0011.txt" time="0.243392" status="fail">
		<failure message="Failed"/>
		<properties/>
		<system-out>++ lean -Dlinter.all=false --run run_test.lean arg_0011.txt
/home/mjbommar/.cache/axeyum-tl063-m2-r1-59108766/source/tests/util.sh: line 94: 491251 Aborted                    (core dumped) "${@}" &gt; "$CAPTURED.out.produced" 2&gt;&amp;1
libc++abi: terminating due to uncaught exception of type lean::exception: failed to create thread
[NON-XML-CHAR-0x1B][1m--- arg_0011.txt.out.expected	2026-05-26 08:34:15.000000000 +0000[NON-XML-CHAR-0x1B][0m
[NON-XML-CHAR-0x1B][1m+++ arg_0011.txt.out.produced	2026-07-23 04:12:12.077942634 +0000[NON-XML-CHAR-0x1B][0m
[NON-XML-CHAR-0x1B][36m@@ -1,6 +1 @@[NON-XML-CHAR-0x1B][0m
[NON-XML-CHAR-0x1B][31m-Success! Final stack:[NON-XML-CHAR-0x1B][0m
[NON-XML-CHAR-0x1B][31m-  (Lean.Doc.Syntax.named_no_paren[NON-XML-CHAR-0x1B][0m
[NON-XML-CHAR-0x1B][31m-   `x[NON-XML-CHAR-0x1B][0m
[NON-XML-CHAR-0x1B][31m-   ":="[NON-XML-CHAR-0x1B][0m
[NON-XML-CHAR-0x1B][31m-   (Lean.Doc.Syntax.arg_str (str "\"y\"")))[NON-XML-CHAR-0x1B][0m
[NON-XML-CHAR-0x1B][31m-All input consumed.[NON-XML-CHAR-0x1B][0m
\ No newline at end of file
[NON-XML-CHAR-0x1B][32m+libc++abi: terminating due to uncaught exception of type lean::exception: failed to create thread[NON-XML-CHAR-0x1B][0m
TEST FAILED: Unexpected output
</system-out>
	</testcase>
	<testcase name="docparse/arg_0012.txt" classname="docparse/arg_0012.txt" time="0.240782" status="fail">
		<failure message="Failed"/>
		<properties/>
		<system-out>++ lean -Dlinter.all=false --run run_test.lean arg_0012.txt
/home/mjbommar/.cache/axeyum-tl063-m2-r1-59108766/source/tests/util.sh: line 94: 491290 Aborted                    (core dumped) "${@}" &gt; "$CAPTURED.out.produced" 2&gt;&amp;1
libc++abi: terminating due to uncaught exception of type lean::exception: failed to create thread
[NON-XML-CHAR-0x1B][1m--- arg_0012.txt.out.expected	2026-05-26 08:34:15.000000000 +0000[NON-XML-CHAR-0x1B][0m
[NON-XML-CHAR-0x1B][1m+++ arg_0012.txt.out.produced	2026-07-23 04:12:12.320942585 +0000[NON-XML-CHAR-0x1B][0m
[NON-XML-CHAR-0x1B][36m@@ -1,7 +1 @@[NON-XML-CHAR-0x1B][0m
[NON-XML-CHAR-0x1B][31m-Failure @3 (⟨1, 3⟩): unterminated string literal[NON-XML-CHAR-0x1B][0m
[NON-XML-CHAR-0x1B][31m-Final stack:[NON-XML-CHAR-0x1B][0m
[NON-XML-CHAR-0x1B][31m- • `x[NON-XML-CHAR-0x1B][0m
[NON-XML-CHAR-0x1B][31m- • ":="[NON-XML-CHAR-0x1B][0m
[NON-XML-CHAR-0x1B][31m- • (Lean.Doc.Syntax.arg_str &lt;missing&gt;)[NON-XML-CHAR-0x1B][0m
[NON-XML-CHAR-0x1B][31m-[NON-XML-CHAR-0x1B][0m
[NON-XML-CHAR-0x1B][31m-Remaining: "\"y"[NON-XML-CHAR-0x1B][0m
\ No newline at end of file
[NON-XML-CHAR-0x1B][32m+libc++abi: terminating due to uncaught exception of type lean::exception: failed to create thread[NON-XML-CHAR-0x1B][0m
TEST FAILED: Unexpected output
</system-out>
	</testcase>
	<testcase name="docparse/arg_0013.txt" classname="docparse/arg_0013.txt" time="0.233839" status="fail">
		<failure message="Failed"/>
		<properties/>
		<system-out>++ lean -Dlinter.all=false --run run_test.lean arg_0013.txt
/home/mjbommar/.cache/axeyum-tl063-m2-r1-59108766/source/tests/util.sh: line 94: 491307 Aborted                    (core dumped) "${@}" &gt; "$CAPTURED.out.produced" 2&gt;&amp;1
libc++abi: terminating due to uncaught exception of type lean::exception: failed to create thread
[NON-XML-CHAR-0x1B][1m--- arg_0013.txt.out.expected	2026-05-26 08:34:15.000000000 +0000[NON-XML-CHAR-0x1B][0m
[NON-XML-CHAR-0x1B][1m+++ arg_0013.txt.out.produced	2026-07-23 04:12:12.556942538 +0000[NON-XML-CHAR-0x1B][0m
[NON-XML-CHAR-0x1B][36m@@ -1,13 +1 @@[NON-XML-CHAR-0x1B][0m
[NON-XML-CHAR-0x1B][31m-2 failures:[NON-XML-CHAR-0x1B][0m
[NON-XML-CHAR-0x1B][31m-  @7 (⟨1, 7⟩): expected ')'[NON-XML-CHAR-0x1B][0m
[NON-XML-CHAR-0x1B][31m-    ""[NON-XML-CHAR-0x1B][0m
[NON-XML-CHAR-0x1B][31m-  @7 (⟨1, 7⟩): unterminated string literal[NON-XML-CHAR-0x1B][0m
[NON-XML-CHAR-0x1B][31m-    ""[NON-XML-CHAR-0x1B][0m
[NON-XML-CHAR-0x1B][31m-[NON-XML-CHAR-0x1B][0m
[NON-XML-CHAR-0x1B][31m-Final stack:[NON-XML-CHAR-0x1B][0m
[NON-XML-CHAR-0x1B][31m-  (Lean.Doc.Syntax.named[NON-XML-CHAR-0x1B][0m
[NON-XML-CHAR-0x1B][31m-   "("[NON-XML-CHAR-0x1B][0m
[NON-XML-CHAR-0x1B][31m-   `x[NON-XML-CHAR-0x1B][0m
[NON-XML-CHAR-0x1B][31m-   ":="[NON-XML-CHAR-0x1B][0m
[NON-XML-CHAR-0x1B][31m-   (Lean.Doc.Syntax.arg_str &lt;missing&gt;)[NON-XML-CHAR-0x1B][0m
[NON-XML-CHAR-0x1B][31m-   &lt;missing&gt;)[NON-XML-CHAR-0x1B][0m
\ No newline at end of file
[NON-XML-CHAR-0x1B][32m+libc++abi: terminating due to uncaught exception of type lean::exception: failed to create thread[NON-XML-CHAR-0x1B][0m
TEST FAILED: Unexpected output
</system-out>
	</testcase>
	<testcase name="docparse/arg_0014.txt" classname="docparse/arg_0014.txt" time="0.241992" status="fail">
		<failure message="Failed"/>
		<properties/>
		<system-out>++ lean -Dlinter.all=false --run run_test.lean arg_0014.txt
/home/mjbommar/.cache/axeyum-tl063-m2-r1-59108766/source/tests/util.sh: line 94: 491329 Aborted                    (core dumped) "${@}" &gt; "$CAPTURED.out.produced" 2&gt;&amp;1
libc++abi: terminating due to uncaught exception of type lean::exception: failed to create thread
[NON-XML-CHAR-0x1B][1m--- arg_0014.txt.out.expected	2026-05-26 08:34:15.000000000 +0000[NON-XML-CHAR-0x1B][0m
[NON-XML-CHAR-0x1B][1m+++ arg_0014.txt.out.produced	2026-07-23 04:12:12.796942490 +0000[NON-XML-CHAR-0x1B][0m
[NON-XML-CHAR-0x1B][36m@@ -1,4 +1 @@[NON-XML-CHAR-0x1B][0m
[NON-XML-CHAR-0x1B][31m-Success! Final stack:[NON-XML-CHAR-0x1B][0m
[NON-XML-CHAR-0x1B][31m-  (Lean.Doc.Syntax.anon[NON-XML-CHAR-0x1B][0m
[NON-XML-CHAR-0x1B][31m-   (Lean.Doc.Syntax.arg_num (num "42")))[NON-XML-CHAR-0x1B][0m
[NON-XML-CHAR-0x1B][31m-All input consumed.[NON-XML-CHAR-0x1B][0m
\ No newline at end of file
[NON-XML-CHAR-0x1B][32m+libc++abi: terminating due to uncaught exception of type lean::exception: failed to create thread[NON-XML-CHAR-0x1B][0m
TEST FAILED: Unexpected output
</system-out>
	</testcase>
	<testcase name="docparse/arg_0015.txt" classname="docparse/arg_0015.txt" time="0.25136" status="fail">
		<failure message="Failed"/>
		<properties/>
		<system-out>++ lean -Dlinter.all=false --run run_test.lean arg_0015.txt
/home/mjbommar/.cache/axeyum-tl063-m2-r1-59108766/source/tests/util.sh: line 94: 491346 Aborted                    (core dumped) "${@}" &gt; "$CAPTURED.out.produced" 2&gt;&amp;1
libc++abi: terminating due to uncaught exception of type lean::exception: failed to create thread
[NON-XML-CHAR-0x1B][1m--- arg_0015.txt.out.expected	2026-05-26 08:34:15.000000000 +0000[NON-XML-CHAR-0x1B][0m
[NON-XML-CHAR-0x1B][1m+++ arg_0015.txt.out.produced	2026-07-23 04:12:13.044942441 +0000[NON-XML-CHAR-0x1B][0m
[NON-XML-CHAR-0x1B][36m@@ -1,17 +1 @@[NON-XML-CHAR-0x1B][0m
[NON-XML-CHAR-0x1B][31m-4 failures:[NON-XML-CHAR-0x1B][0m
[NON-XML-CHAR-0x1B][31m-  @4 (⟨1, 4⟩): expected ')'[NON-XML-CHAR-0x1B][0m
[NON-XML-CHAR-0x1B][31m-    ""[NON-XML-CHAR-0x1B][0m
[NON-XML-CHAR-0x1B][31m-  @4 (⟨1, 4⟩): expected ':='[NON-XML-CHAR-0x1B][0m
[NON-XML-CHAR-0x1B][31m-    ""[NON-XML-CHAR-0x1B][0m
[NON-XML-CHAR-0x1B][31m-  @4 (⟨1, 4⟩): expected token[NON-XML-CHAR-0x1B][0m
[NON-XML-CHAR-0x1B][31m-    ""[NON-XML-CHAR-0x1B][0m
[NON-XML-CHAR-0x1B][31m-  @4 (⟨1, 4⟩): unexpected end of input[NON-XML-CHAR-0x1B][0m
[NON-XML-CHAR-0x1B][31m-    ""[NON-XML-CHAR-0x1B][0m
[NON-XML-CHAR-0x1B][31m-[NON-XML-CHAR-0x1B][0m
[NON-XML-CHAR-0x1B][31m-Final stack:[NON-XML-CHAR-0x1B][0m
[NON-XML-CHAR-0x1B][31m-  (Lean.Doc.Syntax.named[NON-XML-CHAR-0x1B][0m
[NON-XML-CHAR-0x1B][31m-   "("[NON-XML-CHAR-0x1B][0m
[NON-XML-CHAR-0x1B][31m-   &lt;missing&gt;[NON-XML-CHAR-0x1B][0m
[NON-XML-CHAR-0x1B][31m-   &lt;missing&gt;[NON-XML-CHAR-0x1B][0m
[NON-XML-CHAR-0x1B][31m-   &lt;missing&gt;[NON-XML-CHAR-0x1B][0m
[NON-XML-CHAR-0x1B][31m-   &lt;missing&gt;)[NON-XML-CHAR-0x1B][0m
\ No newline at end of file
[NON-XML-CHAR-0x1B][32m+libc++abi: terminating due to uncaught exception of type lean::exception: failed to create thread[NON-XML-CHAR-0x1B][0m
TEST FAILED: Unexpected output
</system-out>
	</testcase>
	<testcase name="docparse/arg_0016.txt" classname="docparse/arg_0016.txt" time="0.309368" status="run">
		<properties/>
		<system-out>++ lean -Dlinter.all=false --run run_test.lean arg_0016.txt
3 failures:
  @6 (⟨1, 6⟩): expected ')'
    ""
  @6 (⟨1, 6⟩): expected ':='
    ""
  @6 (⟨1, 6⟩): unexpected end of input
    ""

Final stack:
  (Lean.Doc.Syntax.named
   "("
   `x
   &lt;missing&gt;
   &lt;missing&gt;
   &lt;missing&gt;)
</system-out>
	</testcase>
	<testcase name="docparse/arg_0017.txt" classname="docparse/arg_0017.txt" time="0.251995" status="fail">
		<failure message="Failed"/>
		<properties/>
		<system-out>++ lean -Dlinter.all=false --run run_test.lean arg_0017.txt
/home/mjbommar/.cache/axeyum-tl063-m2-r1-59108766/source/tests/util.sh: line 94: 491432 Aborted                    (core dumped) "${@}" &gt; "$CAPTURED.out.produced" 2&gt;&amp;1
libc++abi: terminating due to uncaught exception of type lean::exception: failed to create thread
[NON-XML-CHAR-0x1B][1m--- arg_0017.txt.out.expected	2026-05-26 08:34:15.000000000 +0000[NON-XML-CHAR-0x1B][0m
[NON-XML-CHAR-0x1B][1m+++ arg_0017.txt.out.produced	2026-07-23 04:12:13.608942328 +0000[NON-XML-CHAR-0x1B][0m
[NON-XML-CHAR-0x1B][36m@@ -1,9 +1 @@[NON-XML-CHAR-0x1B][0m
[NON-XML-CHAR-0x1B][31m-Failure @8 (⟨1, 8⟩): expected ')'[NON-XML-CHAR-0x1B][0m
[NON-XML-CHAR-0x1B][31m-Final stack:[NON-XML-CHAR-0x1B][0m
[NON-XML-CHAR-0x1B][31m-  (Lean.Doc.Syntax.named[NON-XML-CHAR-0x1B][0m
[NON-XML-CHAR-0x1B][31m-   "("[NON-XML-CHAR-0x1B][0m
[NON-XML-CHAR-0x1B][31m-   `x[NON-XML-CHAR-0x1B][0m
[NON-XML-CHAR-0x1B][31m-   ":="[NON-XML-CHAR-0x1B][0m
[NON-XML-CHAR-0x1B][31m-   (Lean.Doc.Syntax.arg_num (num "42"))[NON-XML-CHAR-0x1B][0m
[NON-XML-CHAR-0x1B][31m-   &lt;missing&gt;)[NON-XML-CHAR-0x1B][0m
[NON-XML-CHAR-0x1B][31m-Remaining: "\n)"[NON-XML-CHAR-0x1B][0m
\ No newline at end of file
[NON-XML-CHAR-0x1B][32m+libc++abi: terminating due to uncaught exception of type lean::exception: failed to create thread[NON-XML-CHAR-0x1B][0m
TEST FAILED: Unexpected output
</system-out>
	</testcase>
	<testcase name="docparse/arg_0018.txt" classname="docparse/arg_0018.txt" time="0.246828" status="fail">
		<failure message="Failed"/>
		<properties/>
		<system-out>++ lean -Dlinter.all=false --run run_test.lean arg_0018.txt
/home/mjbommar/.cache/axeyum-tl063-m2-r1-59108766/source/tests/util.sh: line 94: 491471 Aborted                    (core dumped) "${@}" &gt; "$CAPTURED.out.produced" 2&gt;&amp;1
libc++abi: terminating due to uncaught exception of type lean::exception: failed to create thread
[NON-XML-CHAR-0x1B][1m--- arg_0018.txt.out.expected	2026-05-26 08:34:15.000000000 +0000[NON-XML-CHAR-0x1B][0m
[NON-XML-CHAR-0x1B][1m+++ arg_0018.txt.out.produced	2026-07-23 04:12:13.847942280 +0000[NON-XML-CHAR-0x1B][0m
[NON-XML-CHAR-0x1B][36m@@ -1,9 +1 @@[NON-XML-CHAR-0x1B][0m
[NON-XML-CHAR-0x1B][31m-Failure @8 (⟨1, 8⟩): expected ')'[NON-XML-CHAR-0x1B][0m
[NON-XML-CHAR-0x1B][31m-Final stack:[NON-XML-CHAR-0x1B][0m
[NON-XML-CHAR-0x1B][31m-  (Lean.Doc.Syntax.named[NON-XML-CHAR-0x1B][0m
[NON-XML-CHAR-0x1B][31m-   "("[NON-XML-CHAR-0x1B][0m
[NON-XML-CHAR-0x1B][31m-   `x[NON-XML-CHAR-0x1B][0m
[NON-XML-CHAR-0x1B][31m-   ":="[NON-XML-CHAR-0x1B][0m
[NON-XML-CHAR-0x1B][31m-   (Lean.Doc.Syntax.arg_num (num "42"))[NON-XML-CHAR-0x1B][0m
[NON-XML-CHAR-0x1B][31m-   &lt;missing&gt;)[NON-XML-CHAR-0x1B][0m
[NON-XML-CHAR-0x1B][31m-Remaining: "\na"[NON-XML-CHAR-0x1B][0m
\ No newline at end of file
[NON-XML-CHAR-0x1B][32m+libc++abi: terminating due to uncaught exception of type lean::exception: failed to create thread[NON-XML-CHAR-0x1B][0m
TEST FAILED: Unexpected output
</system-out>
	</testcase>
	<testcase name="docparse/arg_val_0001.txt" classname="docparse/arg_val_0001.txt" time="0.243988" status="fail">
		<failure message="Failed"/>
		<properties/>
		<system-out>++ lean -Dlinter.all=false --run run_test.lean arg_val_0001.txt
/home/mjbommar/.cache/axeyum-tl063-m2-r1-59108766/source/tests/util.sh: line 94: 491508 Aborted                    (core dumped) "${@}" &gt; "$CAPTURED.out.produced" 2&gt;&amp;1
libc++abi: terminating due to uncaught exception of type lean::exception: failed to create thread
[NON-XML-CHAR-0x1B][1m--- arg_val_0001.txt.out.expected	2026-05-26 08:34:15.000000000 +0000[NON-XML-CHAR-0x1B][0m
[NON-XML-CHAR-0x1B][1m+++ arg_val_0001.txt.out.produced	2026-07-23 04:12:14.097942231 +0000[NON-XML-CHAR-0x1B][0m
[NON-XML-CHAR-0x1B][36m@@ -1,4 +1 @@[NON-XML-CHAR-0x1B][0m
[NON-XML-CHAR-0x1B][31m-Success! Final stack:[NON-XML-CHAR-0x1B][0m
[NON-XML-CHAR-0x1B][31m-  (Lean.Doc.Syntax.anon[NON-XML-CHAR-0x1B][0m
[NON-XML-CHAR-0x1B][31m-   (Lean.Doc.Syntax.arg_num (num "1")))[NON-XML-CHAR-0x1B][0m
[NON-XML-CHAR-0x1B][31m-All input consumed.[NON-XML-CHAR-0x1B][0m
\ No newline at end of file
[NON-XML-CHAR-0x1B][32m+libc++abi: terminating due to uncaught exception of type lean::exception: failed to create thread[NON-XML-CHAR-0x1B][0m
TEST FAILED: Unexpected output
</system-out>
	</testcase>
	<testcase name="docparse/arg_val_0002.txt" classname="docparse/arg_val_0002.txt" time="0.241906" status="fail">
		<failure message="Failed"/>
		<properties/>
		<system-out>++ lean -Dlinter.all=false --run run_test.lean arg_val_0002.txt
/home/mjbommar/.cache/axeyum-tl063-m2-r1-59108766/source/tests/util.sh: line 94: 491554 Aborted                    (core dumped) "${@}" &gt; "$CAPTURED.out.produced" 2&gt;&amp;1
libc++abi: terminating due to uncaught exception of type lean::exception: failed to create thread
[NON-XML-CHAR-0x1B][1m--- arg_val_0002.txt.out.expected	2026-05-26 08:34:15.000000000 +0000[NON-XML-CHAR-0x1B][0m
[NON-XML-CHAR-0x1B][1m+++ arg_val_0002.txt.out.produced	2026-07-23 04:12:14.342942181 +0000[NON-XML-CHAR-0x1B][0m
[NON-XML-CHAR-0x1B][36m@@ -1,4 +1 @@[NON-XML-CHAR-0x1B][0m
[NON-XML-CHAR-0x1B][31m-Success! Final stack:[NON-XML-CHAR-0x1B][0m
[NON-XML-CHAR-0x1B][31m-  (Lean.Doc.Syntax.anon[NON-XML-CHAR-0x1B][0m
[NON-XML-CHAR-0x1B][31m-   (Lean.Doc.Syntax.arg_num (num "3")))[NON-XML-CHAR-0x1B][0m
[NON-XML-CHAR-0x1B][31m-All input consumed.[NON-XML-CHAR-0x1B][0m
\ No newline at end of file
[NON-XML-CHAR-0x1B][32m+libc++abi: terminating due to uncaught exception of type lean::exception: failed to create thread[NON-XML-CHAR-0x1B][0m
TEST FAILED: Unexpected output
</system-out>
	</testcase>
	<testcase name="docparse/arg_val_0003.txt" classname="docparse/arg_val_0003.txt" time="0.234926" status="fail">
		<failure message="Failed"/>
		<properties/>
		<system-out>++ lean -Dlinter.all=false --run run_test.lean arg_val_0003.txt
/home/mjbommar/.cache/axeyum-tl063-m2-r1-59108766/source/tests/util.sh: line 94: 491586 Aborted                    (core dumped) "${@}" &gt; "$CAPTURED.out.produced" 2&gt;&amp;1
libc++abi: terminating due to uncaught exception of type lean::exception: failed to create thread
[NON-XML-CHAR-0x1B][1m--- arg_val_0003.txt.out.expected	2026-05-26 08:34:15.000000000 +0000[NON-XML-CHAR-0x1B][0m
[NON-XML-CHAR-0x1B][1m+++ arg_val_0003.txt.out.produced	2026-07-23 04:12:14.582299834 +0000[NON-XML-CHAR-0x1B][0m
[NON-XML-CHAR-0x1B][36m@@ -1,4 +1 @@[NON-XML-CHAR-0x1B][0m
[NON-XML-CHAR-0x1B][31m-Failure @0 (⟨1, 0⟩): unexpected end of input; expected '(', '+' or '-'[NON-XML-CHAR-0x1B][0m
[NON-XML-CHAR-0x1B][31m-Final stack:[NON-XML-CHAR-0x1B][0m
[NON-XML-CHAR-0x1B][31m-  &lt;missing&gt;[NON-XML-CHAR-0x1B][0m
[NON-XML-CHAR-0x1B][31m-Remaining: ""[NON-XML-CHAR-0x1B][0m
\ No newline at end of file
[NON-XML-CHAR-0x1B][32m+libc++abi: terminating due to uncaught exception of type lean::exception: failed to create thread[NON-XML-CHAR-0x1B][0m
TEST FAILED: Unexpected output
</system-out>
	</testcase>
	<testcase name="docparse/arg_val_0004.txt" classname="docparse/arg_val_0004.txt" time="0.234265" status="fail">
		<failure message="Failed"/>
		<properties/>
		<system-out>++ lean -Dlinter.all=false --run run_test.lean arg_val_0004.txt
/home/mjbommar/.cache/axeyum-tl063-m2-r1-59108766/source/tests/util.sh: line 94: 491624 Aborted                    (core dumped) "${@}" &gt; "$CAPTURED.out.produced" 2&gt;&amp;1
libc++abi: terminating due to uncaught exception of type lean::exception: failed to create thread
[NON-XML-CHAR-0x1B][1m--- arg_val_0004.txt.out.expected	2026-05-26 08:34:15.000000000 +0000[NON-XML-CHAR-0x1B][0m
[NON-XML-CHAR-0x1B][1m+++ arg_val_0004.txt.out.produced	2026-07-23 04:12:14.811942088 +0000[NON-XML-CHAR-0x1B][0m
[NON-XML-CHAR-0x1B][36m@@ -1,5 +1 @@[NON-XML-CHAR-0x1B][0m
[NON-XML-CHAR-0x1B][31m-Success! Final stack:[NON-XML-CHAR-0x1B][0m
[NON-XML-CHAR-0x1B][31m-  (Lean.Doc.Syntax.anon[NON-XML-CHAR-0x1B][0m
[NON-XML-CHAR-0x1B][31m-   (Lean.Doc.Syntax.arg_str[NON-XML-CHAR-0x1B][0m
[NON-XML-CHAR-0x1B][31m-    (str "\"a b c\t d\"")))[NON-XML-CHAR-0x1B][0m
[NON-XML-CHAR-0x1B][31m-All input consumed.[NON-XML-CHAR-0x1B][0m
\ No newline at end of file
[NON-XML-CHAR-0x1B][32m+libc++abi: terminating due to uncaught exception of type lean::exception: failed to create thread[NON-XML-CHAR-0x1B][0m
TEST FAILED: Unexpected output
</system-out>
	</testcase>
	<testcase name="docparse/arg_val_0005.txt" classname="docparse/arg_val_0005.txt" time="0.368931" status="fail">
		<failure message="Failed"/>
		<properties/>
		<system-out>++ lean -Dlinter.all=false --run run_test.lean arg_val_0005.txt
/home/mjbommar/.cache/axeyum-tl063-m2-r1-59108766/source/tests/util.sh: line 94: 491653 Aborted                    (core dumped) "${@}" &gt; "$CAPTURED.out.produced" 2&gt;&amp;1
libc++abi: terminating due to uncaught exception of type lean::exception: failed to create thread
[NON-XML-CHAR-0x1B][1m--- arg_val_0005.txt.out.expected	2026-05-26 08:34:15.000000000 +0000[NON-XML-CHAR-0x1B][0m
[NON-XML-CHAR-0x1B][1m+++ arg_val_0005.txt.out.produced	2026-07-23 04:12:15.172942016 +0000[NON-XML-CHAR-0x1B][0m
[NON-XML-CHAR-0x1B][36m@@ -1,6 +1 @@[NON-XML-CHAR-0x1B][0m
[NON-XML-CHAR-0x1B][31m-Success! Final stack:[NON-XML-CHAR-0x1B][0m
[NON-XML-CHAR-0x1B][31m-  (Lean.Doc.Syntax.anon[NON-XML-CHAR-0x1B][0m
[NON-XML-CHAR-0x1B][31m-   (Lean.Doc.Syntax.arg_str[NON-XML-CHAR-0x1B][0m
[NON-XML-CHAR-0x1B][31m-    (str "\"a b c\t d\"")))[NON-XML-CHAR-0x1B][0m
[NON-XML-CHAR-0x1B][31m-Remaining:[NON-XML-CHAR-0x1B][0m
[NON-XML-CHAR-0x1B][31m-"\n"[NON-XML-CHAR-0x1B][0m
\ No newline at end of file
[NON-XML-CHAR-0x1B][32m+libc++abi: terminating due to uncaught exception of type lean::exception: failed to create thread[NON-XML-CHAR-0x1B][0m
TEST FAILED: Unexpected output
</system-out>
	</testcase>
	<testcase name="docparse/arg_val_0006.txt" classname="docparse/arg_val_0006.txt" time="0.253166" status="fail">
		<failure message="Failed"/>
		<properties/>
		<system-out>++ lean -Dlinter.all=false --run run_test.lean arg_val_0006.txt
/home/mjbommar/.cache/axeyum-tl063-m2-r1-59108766/source/tests/util.sh: line 94: 491717 Aborted                    (core dumped) "${@}" &gt; "$CAPTURED.out.produced" 2&gt;&amp;1
libc++abi: terminating due to uncaught exception of type lean::exception: failed to create thread
[NON-XML-CHAR-0x1B][1m--- arg_val_0006.txt.out.expected	2026-05-26 08:34:15.000000000 +0000[NON-XML-CHAR-0x1B][0m
[NON-XML-CHAR-0x1B][1m+++ arg_val_0006.txt.out.produced	2026-07-23 04:12:15.427941965 +0000[NON-XML-CHAR-0x1B][0m
[NON-XML-CHAR-0x1B][36m@@ -1,5 +1 @@[NON-XML-CHAR-0x1B][0m
[NON-XML-CHAR-0x1B][31m-Success! Final stack:[NON-XML-CHAR-0x1B][0m
[NON-XML-CHAR-0x1B][31m-  (Lean.Doc.Syntax.anon[NON-XML-CHAR-0x1B][0m
[NON-XML-CHAR-0x1B][31m-   (Lean.Doc.Syntax.arg_num (num "43")))[NON-XML-CHAR-0x1B][0m
[NON-XML-CHAR-0x1B][31m-Remaining:[NON-XML-CHAR-0x1B][0m
[NON-XML-CHAR-0x1B][31m-"\n\"foo\""[NON-XML-CHAR-0x1B][0m
\ No newline at end of file
[NON-XML-CHAR-0x1B][32m+libc++abi: terminating due to uncaught exception of type lean::exception: failed to create thread[NON-XML-CHAR-0x1B][0m
TEST FAILED: Unexpected output
</system-out>
	</testcase>
	<testcase name="docparse/arg_val_0007.txt" classname="docparse/arg_val_0007.txt" time="0.238256" status="fail">
		<failure message="Failed"/>
		<properties/>
		<system-out>++ lean -Dlinter.all=false --run run_test.lean arg_val_0007.txt
/home/mjbommar/.cache/axeyum-tl063-m2-r1-59108766/source/tests/util.sh: line 94: 491750 Aborted                    (core dumped) "${@}" &gt; "$CAPTURED.out.produced" 2&gt;&amp;1
libc++abi: terminating due to uncaught exception of type lean::exception: failed to create thread
[NON-XML-CHAR-0x1B][1m--- arg_val_0007.txt.out.expected	2026-05-26 08:34:15.000000000 +0000[NON-XML-CHAR-0x1B][0m
[NON-XML-CHAR-0x1B][1m+++ arg_val_0007.txt.out.produced	2026-07-23 04:12:15.679941915 +0000[NON-XML-CHAR-0x1B][0m
[NON-XML-CHAR-0x1B][36m@@ -1,4 +1 @@[NON-XML-CHAR-0x1B][0m
[NON-XML-CHAR-0x1B][31m-Failure @0 (⟨1, 0⟩): unterminated string literal; expected '(', '+', '-' or token[NON-XML-CHAR-0x1B][0m
[NON-XML-CHAR-0x1B][31m-Final stack:[NON-XML-CHAR-0x1B][0m
[NON-XML-CHAR-0x1B][31m-  (Lean.Doc.Syntax.arg_str &lt;missing&gt;)[NON-XML-CHAR-0x1B][0m
[NON-XML-CHAR-0x1B][31m-Remaining: "\"foo"[NON-XML-CHAR-0x1B][0m
\ No newline at end of file
[NON-XML-CHAR-0x1B][32m+libc++abi: terminating due to uncaught exception of type lean::exception: failed to create thread[NON-XML-CHAR-0x1B][0m
TEST FAILED: Unexpected output
</system-out>
	</testcase>
	<testcase name="docparse/args_0001.txt" classname="docparse/args_0001.txt" time="0.313774" status="run">
		<properties/>
		<system-out>++ lean -Dlinter.all=false --run run_test.lean args_0001.txt
Success! Final stack:
  [(Lean.Doc.Syntax.anon
    (Lean.Doc.Syntax.arg_num (num "43")))]
Remaining:
"\n\"foo\""
</system-out>
	</testcase>
	<testcase name="docparse/args_0002.txt" classname="docparse/args_0002.txt" time="0.26207" status="fail">
		<failure message="Failed"/>
		<properties/>
		<system-out>++ lean -Dlinter.all=false --run run_test.lean args_0002.txt
/home/mjbommar/.cache/axeyum-tl063-m2-r1-59108766/source/tests/util.sh: line 94: 491853 Aborted                    (core dumped) "${@}" &gt; "$CAPTURED.out.produced" 2&gt;&amp;1
libc++abi: terminating due to uncaught exception of type lean::exception: failed to create thread
[NON-XML-CHAR-0x1B][1m--- args_0002.txt.out.expected	2026-05-26 08:34:15.000000000 +0000[NON-XML-CHAR-0x1B][0m
[NON-XML-CHAR-0x1B][1m+++ args_0002.txt.out.produced	2026-07-23 04:12:16.241941802 +0000[NON-XML-CHAR-0x1B][0m
[NON-XML-CHAR-0x1B][36m@@ -1,9 +1 @@[NON-XML-CHAR-0x1B][0m
[NON-XML-CHAR-0x1B][31m-Success! Final stack:[NON-XML-CHAR-0x1B][0m
[NON-XML-CHAR-0x1B][31m-  [(Lean.Doc.Syntax.named_no_paren[NON-XML-CHAR-0x1B][0m
[NON-XML-CHAR-0x1B][31m-    `dialect[NON-XML-CHAR-0x1B][0m
[NON-XML-CHAR-0x1B][31m-    ":="[NON-XML-CHAR-0x1B][0m
[NON-XML-CHAR-0x1B][31m-    (Lean.Doc.Syntax.arg_str (str "\"chicken\"")))[NON-XML-CHAR-0x1B][0m
[NON-XML-CHAR-0x1B][31m-   (Lean.Doc.Syntax.anon[NON-XML-CHAR-0x1B][0m
[NON-XML-CHAR-0x1B][31m-    (Lean.Doc.Syntax.arg_num (num "43")))][NON-XML-CHAR-0x1B][0m
[NON-XML-CHAR-0x1B][31m-Remaining:[NON-XML-CHAR-0x1B][0m
[NON-XML-CHAR-0x1B][31m-"\nfoo"[NON-XML-CHAR-0x1B][0m
\ No newline at end of file
[NON-XML-CHAR-0x1B][32m+libc++abi: terminating due to uncaught exception of type lean::exception: failed to create thread[NON-XML-CHAR-0x1B][0m
TEST FAILED: Unexpected output
</system-out>
	</testcase>
	<testcase name="docparse/args_0003.txt" classname="docparse/args_0003.txt" time="0.244245" status="fail">
		<failure message="Failed"/>
		<properties/>
		<system-out>++ lean -Dlinter.all=false --run run_test.lean args_0003.txt
/home/mjbommar/.cache/axeyum-tl063-m2-r1-59108766/source/tests/util.sh: line 94: 491883 Aborted                    (core dumped) "${@}" &gt; "$CAPTURED.out.produced" 2&gt;&amp;1
libc++abi: terminating due to uncaught exception of type lean::exception: failed to create thread
[NON-XML-CHAR-0x1B][1m--- args_0003.txt.out.expected	2026-05-26 08:34:15.000000000 +0000[NON-XML-CHAR-0x1B][0m
[NON-XML-CHAR-0x1B][1m+++ args_0003.txt.out.produced	2026-07-23 04:12:16.494941751 +0000[NON-XML-CHAR-0x1B][0m
[NON-XML-CHAR-0x1B][36m@@ -1,9 +1 @@[NON-XML-CHAR-0x1B][0m
[NON-XML-CHAR-0x1B][31m-Success! Final stack:[NON-XML-CHAR-0x1B][0m
[NON-XML-CHAR-0x1B][31m-  [(Lean.Doc.Syntax.named_no_paren[NON-XML-CHAR-0x1B][0m
[NON-XML-CHAR-0x1B][31m-    `dialect[NON-XML-CHAR-0x1B][0m
[NON-XML-CHAR-0x1B][31m-    ":="[NON-XML-CHAR-0x1B][0m
[NON-XML-CHAR-0x1B][31m-    (Lean.Doc.Syntax.arg_str (str "\"chicken\"")))[NON-XML-CHAR-0x1B][0m
[NON-XML-CHAR-0x1B][31m-   (Lean.Doc.Syntax.anon[NON-XML-CHAR-0x1B][0m
[NON-XML-CHAR-0x1B][31m-    (Lean.Doc.Syntax.arg_num (num "43")))][NON-XML-CHAR-0x1B][0m
[NON-XML-CHAR-0x1B][31m-Remaining:[NON-XML-CHAR-0x1B][0m
[NON-XML-CHAR-0x1B][31m-"\n(foo)"[NON-XML-CHAR-0x1B][0m
\ No newline at end of file
[NON-XML-CHAR-0x1B][32m+libc++abi: terminating due to uncaught exception of type lean::exception: failed to create thread[NON-XML-CHAR-0x1B][0m
TEST FAILED: Unexpected output
</system-out>
	</testcase>
	<testcase name="docparse/blockOpener_0001.txt" classname="docparse/blockOpener_0001.txt" time="0.235141" status="fail">
		<failure message="Failed"/>
		<properties/>
		<system-out>++ lean -Dlinter.all=false --run run_test.lean blockOpener_0001.txt
/home/mjbommar/.cache/axeyum-tl063-m2-r1-59108766/source/tests/util.sh: line 94: 491913 Aborted                    (core dumped) "${@}" &gt; "$CAPTURED.out.produced" 2&gt;&amp;1
libc++abi: terminating due to uncaught exception of type lean::exception: failed to create thread
[NON-XML-CHAR-0x1B][1m--- blockOpener_0001.txt.out.expected	2026-05-26 08:34:15.000000000 +0000[NON-XML-CHAR-0x1B][0m
[NON-XML-CHAR-0x1B][1m+++ blockOpener_0001.txt.out.produced	2026-07-23 04:12:16.732941704 +0000[NON-XML-CHAR-0x1B][0m
[NON-XML-CHAR-0x1B][36m@@ -1,4 +1 @@[NON-XML-CHAR-0x1B][0m
[NON-XML-CHAR-0x1B][31m-Success! Final stack:[NON-XML-CHAR-0x1B][0m
[NON-XML-CHAR-0x1B][31m- empty[NON-XML-CHAR-0x1B][0m
[NON-XML-CHAR-0x1B][31m-Remaining:[NON-XML-CHAR-0x1B][0m
[NON-XML-CHAR-0x1B][31m-"abc"[NON-XML-CHAR-0x1B][0m
\ No newline at end of file
[NON-XML-CHAR-0x1B][32m+libc++abi: terminating due to uncaught exception of type lean::exception: failed to create thread[NON-XML-CHAR-0x1B][0m
TEST FAILED: Unexpected output
</system-out>
	</testcase>
	<testcase name="docparse/blockOpener_0002.txt" classname="docparse/blockOpener_0002.txt" time="0.244273" status="fail">
		<failure message="Failed"/>
		<properties/>
		<system-out>++ lean -Dlinter.all=false --run run_test.lean blockOpener_0002.txt
/home/mjbommar/.cache/axeyum-tl063-m2-r1-59108766/source/tests/util.sh: line 94: 491937 Aborted                    (core dumped) "${@}" &gt; "$CAPTURED.out.produced" 2&gt;&amp;1
libc++abi: terminating due to uncaught exception of type lean::exception: failed to create thread
[NON-XML-CHAR-0x1B][1m--- blockOpener_0002.txt.out.expected	2026-05-26 08:34:15.000000000 +0000[NON-XML-CHAR-0x1B][0m
[NON-XML-CHAR-0x1B][1m+++ blockOpener_0002.txt.out.produced	2026-07-23 04:12:16.973941656 +0000[NON-XML-CHAR-0x1B][0m
[NON-XML-CHAR-0x1B][36m@@ -1,4 +1 @@[NON-XML-CHAR-0x1B][0m
[NON-XML-CHAR-0x1B][31m-Success! Final stack:[NON-XML-CHAR-0x1B][0m
[NON-XML-CHAR-0x1B][31m- empty[NON-XML-CHAR-0x1B][0m
[NON-XML-CHAR-0x1B][31m-Remaining:[NON-XML-CHAR-0x1B][0m
[NON-XML-CHAR-0x1B][31m-"abc"[NON-XML-CHAR-0x1B][0m
\ No newline at end of file
[NON-XML-CHAR-0x1B][32m+libc++abi: terminating due to uncaught exception of type lean::exception: failed to create thread[NON-XML-CHAR-0x1B][0m
TEST FAILED: Unexpected output
</system-out>
	</testcase>
	<testcase name="docparse/blockOpener_0003.txt" classname="docparse/blockOpener_0003.txt" time="0.224762" status="fail">
		<failure message="Failed"/>
		<properties/>
		<system-out>++ lean -Dlinter.all=false --run run_test.lean blockOpener_0003.txt
/home/mjbommar/.cache/axeyum-tl063-m2-r1-59108766/source/tests/util.sh: line 94: 491999 Aborted                    (core dumped) "${@}" &gt; "$CAPTURED.out.produced" 2&gt;&amp;1
libc++abi: terminating due to uncaught exception of type lean::exception: failed to create thread
[NON-XML-CHAR-0x1B][1m--- blockOpener_0003.txt.out.expected	2026-05-26 08:34:15.000000000 +0000[NON-XML-CHAR-0x1B][0m
[NON-XML-CHAR-0x1B][1m+++ blockOpener_0003.txt.out.produced	2026-07-23 04:12:17.204941610 +0000[NON-XML-CHAR-0x1B][0m
[NON-XML-CHAR-0x1B][36m@@ -1,4 +1 @@[NON-XML-CHAR-0x1B][0m
[NON-XML-CHAR-0x1B][31m-Success! Final stack:[NON-XML-CHAR-0x1B][0m
[NON-XML-CHAR-0x1B][31m- empty[NON-XML-CHAR-0x1B][0m
[NON-XML-CHAR-0x1B][31m-Remaining:[NON-XML-CHAR-0x1B][0m
[NON-XML-CHAR-0x1B][31m-"abc"[NON-XML-CHAR-0x1B][0m
\ No newline at end of file
[NON-XML-CHAR-0x1B][32m+libc++abi: terminating due to uncaught exception of type lean::exception: failed to create thread[NON-XML-CHAR-0x1B][0m
TEST FAILED: Unexpected output
</system-out>
	</testcase>
	<testcase name="docparse/block_0001.txt" classname="docparse/block_0001.txt" time="0.224804" status="fail">
		<failure message="Failed"/>
		<properties/>
		<system-out>++ lean -Dlinter.all=false --run run_test.lean block_0001.txt
/home/mjbommar/.cache/axeyum-tl063-m2-r1-59108766/source/tests/util.sh: line 94: 492032 Aborted                    (core dumped) "${@}" &gt; "$CAPTURED.out.produced" 2&gt;&amp;1
libc++abi: terminating due to uncaught exception of type lean::exception: failed to create thread
[NON-XML-CHAR-0x1B][1m--- block_0001.txt.out.expected	2026-05-26 08:34:15.000000000 +0000[NON-XML-CHAR-0x1B][0m
[NON-XML-CHAR-0x1B][1m+++ block_0001.txt.out.produced	2026-07-23 04:12:17.427941565 +0000[NON-XML-CHAR-0x1B][0m
[NON-XML-CHAR-0x1B][36m@@ -1,36 +1 @@[NON-XML-CHAR-0x1B][0m
[NON-XML-CHAR-0x1B][31m-Success! Final stack:[NON-XML-CHAR-0x1B][0m
[NON-XML-CHAR-0x1B][31m-  (Lean.Doc.Syntax.ul[NON-XML-CHAR-0x1B][0m
[NON-XML-CHAR-0x1B][31m-   "ul{"[NON-XML-CHAR-0x1B][0m
[NON-XML-CHAR-0x1B][31m-   [(Lean.Doc.Syntax.li[NON-XML-CHAR-0x1B][0m
[NON-XML-CHAR-0x1B][31m-     "*"[NON-XML-CHAR-0x1B][0m
[NON-XML-CHAR-0x1B][31m-     [(Lean.Doc.Syntax.para[NON-XML-CHAR-0x1B][0m
[NON-XML-CHAR-0x1B][31m-       "para{"[NON-XML-CHAR-0x1B][0m
[NON-XML-CHAR-0x1B][31m-       [(Lean.Doc.Syntax.text[NON-XML-CHAR-0x1B][0m
[NON-XML-CHAR-0x1B][31m-         (str "\"Here's a bullet\""))][NON-XML-CHAR-0x1B][0m
[NON-XML-CHAR-0x1B][31m-       "}")])[NON-XML-CHAR-0x1B][0m
[NON-XML-CHAR-0x1B][31m-    (Lean.Doc.Syntax.li[NON-XML-CHAR-0x1B][0m
[NON-XML-CHAR-0x1B][31m-     "*"[NON-XML-CHAR-0x1B][0m
[NON-XML-CHAR-0x1B][31m-     [(Lean.Doc.Syntax.para[NON-XML-CHAR-0x1B][0m
[NON-XML-CHAR-0x1B][31m-       "para{"[NON-XML-CHAR-0x1B][0m
[NON-XML-CHAR-0x1B][31m-       [(Lean.Doc.Syntax.text[NON-XML-CHAR-0x1B][0m
[NON-XML-CHAR-0x1B][31m-         (str[NON-XML-CHAR-0x1B][0m
[NON-XML-CHAR-0x1B][31m-          "\"and another with some code in it\""))][NON-XML-CHAR-0x1B][0m
[NON-XML-CHAR-0x1B][31m-       "}")[NON-XML-CHAR-0x1B][0m
[NON-XML-CHAR-0x1B][31m-      (Lean.Doc.Syntax.codeblock[NON-XML-CHAR-0x1B][0m
[NON-XML-CHAR-0x1B][31m-       "````"[NON-XML-CHAR-0x1B][0m
[NON-XML-CHAR-0x1B][31m-       [`lean []][NON-XML-CHAR-0x1B][0m
[NON-XML-CHAR-0x1B][31m-       "\n"[NON-XML-CHAR-0x1B][0m
[NON-XML-CHAR-0x1B][31m-       (str "\"hey\\n\\nthere\\n\"")[NON-XML-CHAR-0x1B][0m
[NON-XML-CHAR-0x1B][31m-       "````")])[NON-XML-CHAR-0x1B][0m
[NON-XML-CHAR-0x1B][31m-    (Lean.Doc.Syntax.li[NON-XML-CHAR-0x1B][0m
[NON-XML-CHAR-0x1B][31m-     "*"[NON-XML-CHAR-0x1B][0m
[NON-XML-CHAR-0x1B][31m-     [(Lean.Doc.Syntax.para[NON-XML-CHAR-0x1B][0m
[NON-XML-CHAR-0x1B][31m-       "para{"[NON-XML-CHAR-0x1B][0m
[NON-XML-CHAR-0x1B][31m-       [(Lean.Doc.Syntax.text[NON-XML-CHAR-0x1B][0m
[NON-XML-CHAR-0x1B][31m-         (str "\"and another one\""))[NON-XML-CHAR-0x1B][0m
[NON-XML-CHAR-0x1B][31m-        (Lean.Doc.Syntax.linebreak[NON-XML-CHAR-0x1B][0m
[NON-XML-CHAR-0x1B][31m-         "line!"[NON-XML-CHAR-0x1B][0m
[NON-XML-CHAR-0x1B][31m-         (str "\"\\n\""))][NON-XML-CHAR-0x1B][0m
[NON-XML-CHAR-0x1B][31m-       "}")])][NON-XML-CHAR-0x1B][0m
[NON-XML-CHAR-0x1B][31m-   "}")[NON-XML-CHAR-0x1B][0m
[NON-XML-CHAR-0x1B][31m-All input consumed.[NON-XML-CHAR-0x1B][0m
\ No newline at end of file
[NON-XML-CHAR-0x1B][32m+libc++abi: terminating due to uncaught exception of type lean::exception: failed to create thread[NON-XML-CHAR-0x1B][0m
TEST FAILED: Unexpected output
</system-out>
	</testcase>
	<testcase name="docparse/block_0002.txt" classname="docparse/block_0002.txt" time="0.241963" status="fail">
		<failure message="Failed"/>
		<properties/>
		<system-out>++ lean -Dlinter.all=false --run run_test.lean block_0002.txt
/home/mjbommar/.cache/axeyum-tl063-m2-r1-59108766/source/tests/util.sh: line 94: 492059 Aborted                    (core dumped) "${@}" &gt; "$CAPTURED.out.produced" 2&gt;&amp;1
libc++abi: terminating due to uncaught exception of type lean::exception: failed to create thread
[NON-XML-CHAR-0x1B][1m--- block_0002.txt.out.expected	2026-05-26 08:34:15.000000000 +0000[NON-XML-CHAR-0x1B][0m
[NON-XML-CHAR-0x1B][1m+++ block_0002.txt.out.produced	2026-07-23 04:12:17.667941517 +0000[NON-XML-CHAR-0x1B][0m
[NON-XML-CHAR-0x1B][36m@@ -1,4 +1 @@[NON-XML-CHAR-0x1B][0m
[NON-XML-CHAR-0x1B][31m-Success! Final stack:[NON-XML-CHAR-0x1B][0m
[NON-XML-CHAR-0x1B][31m-  (Lean.Doc.Syntax.command "{" `test [] "}")[NON-XML-CHAR-0x1B][0m
[NON-XML-CHAR-0x1B][31m-Remaining:[NON-XML-CHAR-0x1B][0m
[NON-XML-CHAR-0x1B][31m-"Here's a paragraph."[NON-XML-CHAR-0x1B][0m
\ No newline at end of file
[NON-XML-CHAR-0x1B][32m+libc++abi: terminating due to uncaught exception of type lean::exception: failed to create thread[NON-XML-CHAR-0x1B][0m
TEST FAILED: Unexpected output
</system-out>
	</testcase>
	<testcase name="docparse/block_0003.txt" classname="docparse/block_0003.txt" time="0.238004" status="fail">
		<failure message="Failed"/>
		<properties/>
		<system-out>++ lean -Dlinter.all=false --run run_test.lean block_0003.txt
/home/mjbommar/.cache/axeyum-tl063-m2-r1-59108766/source/tests/util.sh: line 94: 492086 Aborted                    (core dumped) "${@}" &gt; "$CAPTURED.out.produced" 2&gt;&amp;1
libc++abi: terminating due to uncaught exception of type lean::exception: failed to create thread
[NON-XML-CHAR-0x1B][1m--- block_0003.txt.out.expected	2026-05-26 08:34:15.000000000 +0000[NON-XML-CHAR-0x1B][0m
[NON-XML-CHAR-0x1B][1m+++ block_0003.txt.out.produced	2026-07-23 04:12:17.904941470 +0000[NON-XML-CHAR-0x1B][0m
[NON-XML-CHAR-0x1B][36m@@ -1,4 +1 @@[NON-XML-CHAR-0x1B][0m
[NON-XML-CHAR-0x1B][31m-Success! Final stack:[NON-XML-CHAR-0x1B][0m
[NON-XML-CHAR-0x1B][31m-  (Lean.Doc.Syntax.command "{" `test [] "}")[NON-XML-CHAR-0x1B][0m
[NON-XML-CHAR-0x1B][31m-Remaining:[NON-XML-CHAR-0x1B][0m
[NON-XML-CHAR-0x1B][31m-" Here's a paragraph."[NON-XML-CHAR-0x1B][0m
\ No newline at end of file
[NON-XML-CHAR-0x1B][32m+libc++abi: terminating due to uncaught exception of type lean::exception: failed to create thread[NON-XML-CHAR-0x1B][0m
TEST FAILED: Unexpected output
</system-out>
	</testcase>
	<testcase name="docparse/block_0004.txt" classname="docparse/block_0004.txt" time="0.245208" status="fail">
		<failure message="Failed"/>
		<properties/>
		<system-out>++ lean -Dlinter.all=false --run run_test.lean block_0004.txt
/home/mjbommar/.cache/axeyum-tl063-m2-r1-59108766/source/tests/util.sh: line 94: 492115 Aborted                    (core dumped) "${@}" &gt; "$CAPTURED.out.produced" 2&gt;&amp;1
libc++abi: terminating due to uncaught exception of type lean::exception: failed to create thread
[NON-XML-CHAR-0x1B][1m--- block_0004.txt.out.expected	2026-05-26 08:34:15.000000000 +0000[NON-XML-CHAR-0x1B][0m
[NON-XML-CHAR-0x1B][1m+++ block_0004.txt.out.produced	2026-07-23 04:12:18.151941421 +0000[NON-XML-CHAR-0x1B][0m
[NON-XML-CHAR-0x1B][36m@@ -1,4 +1 @@[NON-XML-CHAR-0x1B][0m
[NON-XML-CHAR-0x1B][31m-Success! Final stack:[NON-XML-CHAR-0x1B][0m
[NON-XML-CHAR-0x1B][31m-  (Lean.Doc.Syntax.command "{" `test [] "}")[NON-XML-CHAR-0x1B][0m
[NON-XML-CHAR-0x1B][31m-Remaining:[NON-XML-CHAR-0x1B][0m
[NON-XML-CHAR-0x1B][31m-" Here's a paragraph."[NON-XML-CHAR-0x1B][0m
\ No newline at end of file
[NON-XML-CHAR-0x1B][32m+libc++abi: terminating due to uncaught exception of type lean::exception: failed to create thread[NON-XML-CHAR-0x1B][0m
TEST FAILED: Unexpected output
</system-out>
	</testcase>
</testsuite>
